2020-07-27 16:55:57 INFO  HomePage 87 - origin successfully clicked
2020-07-27 16:55:57 INFO  HomePage 91 - origin successfully entered
2020-07-27 16:55:58 INFO  HomePage 96 - origin successfully selected
2020-07-27 16:55:58 INFO  HomePage 100 - Destination successfully clicked
2020-07-27 16:55:58 INFO  HomePage 104 - Destination successfully Entered
2020-07-27 16:55:59 INFO  HomePage 108 - Destination successfully selected
2020-07-27 16:55:59 INFO  HomePage 116 - departure date clicked
2020-07-27 16:56:00 INFO  HomePage 120 - departure date selected
2020-07-27 16:56:00 INFO  HomePage 124 - departure date selected
2020-07-27 16:56:00 INFO  HomePage 132 - search button clicked
2020-07-27 16:56:03 INFO  HomePage 146 - flight selected
2020-07-27 17:06:19 INFO  HomePage 87 - origin successfully clicked
2020-07-27 17:06:19 INFO  HomePage 91 - origin successfully entered
2020-07-27 17:06:20 INFO  HomePage 96 - origin successfully selected
2020-07-27 17:06:20 INFO  HomePage 100 - Destination successfully clicked
2020-07-27 17:06:20 INFO  HomePage 104 - Destination successfully Entered
2020-07-27 17:06:22 INFO  HomePage 108 - Destination successfully selected
2020-07-27 17:06:22 INFO  HomePage 116 - departure date clicked
2020-07-27 17:06:22 INFO  HomePage 120 - departure date selected
2020-07-27 17:06:23 INFO  HomePage 124 - departure date selected
2020-07-27 17:06:23 INFO  HomePage 132 - search button clicked
2020-07-27 17:06:26 INFO  HomePage 146 - flight selected
2020-07-27 17:16:19 INFO  HomePage 88 - origin successfully clicked
2020-07-27 17:16:19 INFO  HomePage 92 - origin successfully entered
2020-07-27 17:16:20 INFO  HomePage 97 - origin successfully selected
2020-07-27 17:16:20 INFO  HomePage 101 - Destination successfully clicked
2020-07-27 17:16:20 INFO  HomePage 105 - Destination successfully Entered
2020-07-27 17:16:22 INFO  HomePage 109 - Destination successfully selected
2020-07-27 17:16:22 INFO  HomePage 117 - departure date clicked
2020-07-27 17:16:23 INFO  HomePage 121 - departure date selected
2020-07-27 17:16:23 INFO  HomePage 125 - departure date selected
2020-07-27 17:16:23 INFO  HomePage 133 - search button clicked
2020-07-27 17:16:26 INFO  HomePage 147 - flight selected
2020-07-27 17:40:05 INFO  HomePage 90 - origin successfully clicked
2020-07-27 17:40:06 INFO  HomePage 94 - origin successfully entered
2020-07-27 17:40:07 INFO  HomePage 99 - origin successfully selected
2020-07-27 17:40:07 INFO  HomePage 103 - Destination successfully clicked
2020-07-27 17:40:07 INFO  HomePage 107 - Destination successfully Entered
2020-07-27 17:40:09 INFO  HomePage 111 - Destination successfully selected
2020-07-27 17:40:09 INFO  HomePage 119 - departure date clicked
2020-07-27 17:40:09 INFO  HomePage 123 - departure date selected
2020-07-27 17:40:10 INFO  HomePage 127 - departure date selected
2020-07-27 17:40:10 INFO  HomePage 135 - search button clicked
2020-07-27 17:48:39 INFO  HomePage 93 - origin successfully clicked
2020-07-27 17:48:40 INFO  HomePage 97 - origin successfully entered
2020-07-27 17:48:41 INFO  HomePage 102 - origin successfully selected
2020-07-27 17:48:41 INFO  HomePage 106 - Destination successfully clicked
2020-07-27 17:48:41 INFO  HomePage 110 - Destination successfully Entered
2020-07-27 17:48:42 INFO  HomePage 114 - Destination successfully selected
2020-07-27 17:48:42 INFO  HomePage 122 - departure date clicked
2020-07-27 17:48:43 INFO  HomePage 126 - departure date selected
2020-07-27 17:48:43 INFO  HomePage 130 - departure date selected
2020-07-27 17:48:43 INFO  HomePage 138 - search button clicked
2020-07-27 17:48:46 INFO  HomePage 153 - flight selected
2020-07-27 17:53:56 INFO  HomePage 93 - origin successfully clicked
2020-07-27 17:53:57 INFO  HomePage 97 - origin successfully entered
2020-07-27 17:53:57 INFO  HomePage 102 - origin successfully selected
2020-07-27 17:53:58 INFO  HomePage 106 - Destination successfully clicked
2020-07-27 17:53:58 INFO  HomePage 110 - Destination successfully Entered
2020-07-27 17:53:59 INFO  HomePage 114 - Destination successfully selected
2020-07-27 17:54:00 INFO  HomePage 122 - departure date clicked
2020-07-27 17:54:00 INFO  HomePage 126 - departure date selected
2020-07-27 17:54:00 INFO  HomePage 130 - departure date selected
2020-07-27 17:54:01 INFO  HomePage 138 - search button clicked
2020-07-27 17:54:04 INFO  HomePage 153 - flight selected
2020-07-27 18:04:22 INFO  HomePage 93 - origin successfully clicked
2020-07-27 18:04:22 INFO  HomePage 97 - origin successfully entered
2020-07-27 18:04:23 INFO  HomePage 102 - origin successfully selected
2020-07-27 18:04:23 INFO  HomePage 106 - Destination successfully clicked
2020-07-27 18:04:23 INFO  HomePage 110 - Destination successfully Entered
2020-07-27 18:04:24 INFO  HomePage 114 - Destination successfully selected
2020-07-27 18:04:24 INFO  HomePage 122 - departure date clicked
2020-07-27 18:04:25 INFO  HomePage 126 - departure date selected
2020-07-27 18:04:25 INFO  HomePage 130 - departure date selected
2020-07-27 18:04:25 INFO  HomePage 138 - search button clicked
2020-07-27 18:07:22 INFO  HomePage 89 - origin successfully clicked
2020-07-27 18:07:23 INFO  HomePage 93 - origin successfully entered
2020-07-27 18:07:23 INFO  HomePage 98 - origin successfully selected
2020-07-27 18:07:24 INFO  HomePage 102 - Destination successfully clicked
2020-07-27 18:07:24 INFO  HomePage 106 - Destination successfully Entered
2020-07-27 18:07:25 INFO  HomePage 110 - Destination successfully selected
2020-07-27 18:07:25 INFO  HomePage 118 - departure date clicked
2020-07-27 18:07:26 INFO  HomePage 122 - departure date selected
2020-07-27 18:07:26 INFO  HomePage 126 - departure date selected
2020-07-27 18:07:26 INFO  HomePage 134 - search button clicked
2020-07-27 18:09:14 INFO  HomePage 89 - origin successfully clicked
2020-07-27 18:09:15 INFO  HomePage 93 - origin successfully entered
2020-07-27 18:09:15 INFO  HomePage 98 - origin successfully selected
2020-07-27 18:09:15 INFO  HomePage 102 - Destination successfully clicked
2020-07-27 18:09:16 INFO  HomePage 106 - Destination successfully Entered
2020-07-27 18:09:16 INFO  HomePage 110 - Destination successfully selected
2020-07-27 18:09:17 INFO  HomePage 118 - departure date clicked
2020-07-27 18:09:17 INFO  HomePage 122 - departure date selected
2020-07-27 18:09:17 INFO  HomePage 126 - departure date selected
2020-07-27 18:09:18 INFO  HomePage 134 - search button clicked
2020-07-27 18:09:20 INFO  HomePage 149 - flight selected
2020-07-27 18:15:06 INFO  HomePage 89 - origin successfully clicked
2020-07-27 18:15:06 INFO  HomePage 93 - origin successfully entered
2020-07-27 18:15:07 INFO  HomePage 98 - origin successfully selected
2020-07-27 18:15:07 INFO  HomePage 102 - Destination successfully clicked
2020-07-27 18:15:08 INFO  HomePage 106 - Destination successfully Entered
2020-07-27 18:15:08 INFO  HomePage 110 - Destination successfully selected
2020-07-27 18:15:09 INFO  HomePage 118 - departure date clicked
2020-07-27 18:15:09 INFO  HomePage 122 - departure date selected
2020-07-27 18:15:10 INFO  HomePage 126 - departure date selected
2020-07-27 18:15:10 INFO  HomePage 134 - search button clicked
2020-07-27 18:15:14 INFO  HomePage 149 - flight selected
2020-07-27 18:16:41 INFO  HomePage 89 - origin successfully clicked
2020-07-27 18:16:41 INFO  HomePage 93 - origin successfully entered
2020-07-27 18:16:42 INFO  HomePage 98 - origin successfully selected
2020-07-27 18:16:42 INFO  HomePage 102 - Destination successfully clicked
2020-07-27 18:16:42 INFO  HomePage 106 - Destination successfully Entered
2020-07-27 18:16:42 INFO  HomePage 110 - Destination successfully selected
2020-07-27 18:16:43 INFO  HomePage 118 - departure date clicked
2020-07-27 18:16:43 INFO  HomePage 122 - departure date selected
2020-07-27 18:16:44 INFO  HomePage 126 - departure date selected
2020-07-27 18:16:44 INFO  HomePage 134 - search button clicked
2020-07-27 18:16:46 INFO  HomePage 149 - flight selected
2020-07-27 18:27:40 INFO  HomePage 89 - origin successfully clicked
2020-07-27 18:27:40 INFO  HomePage 93 - origin successfully entered
2020-07-27 18:27:41 INFO  HomePage 98 - origin successfully selected
2020-07-27 18:27:41 INFO  HomePage 102 - Destination successfully clicked
2020-07-27 18:27:41 INFO  HomePage 106 - Destination successfully Entered
2020-07-27 18:27:42 INFO  HomePage 110 - Destination successfully selected
2020-07-27 18:27:43 INFO  HomePage 118 - departure date clicked
2020-07-27 18:27:43 INFO  HomePage 122 - departure date selected
2020-07-27 18:27:44 INFO  HomePage 126 - departure date selected
2020-07-27 18:27:44 INFO  HomePage 134 - search button clicked
2020-07-27 18:27:46 INFO  HomePage 149 - flight selected
2020-07-27 21:52:38 INFO  HomePage 89 - origin successfully clicked
2020-07-27 21:52:38 INFO  HomePage 93 - origin successfully entered
2020-07-27 21:52:40 INFO  HomePage 98 - origin successfully selected
2020-07-27 21:52:40 INFO  HomePage 102 - Destination successfully clicked
2020-07-27 21:52:40 INFO  HomePage 106 - Destination successfully Entered
2020-07-27 21:52:41 INFO  HomePage 110 - Destination successfully selected
2020-07-27 21:52:41 INFO  HomePage 118 - departure date clicked
2020-07-27 21:52:42 INFO  HomePage 122 - departure date selected
2020-07-27 21:52:42 INFO  HomePage 126 - departure date selected
2020-07-27 21:52:42 INFO  HomePage 134 - search button clicked
2020-07-27 21:52:46 INFO  HomePage 149 - flight selected
2020-07-27 21:55:33 INFO  HomePage 89 - origin successfully clicked
2020-07-27 21:55:34 INFO  HomePage 93 - origin successfully entered
2020-07-27 21:55:34 INFO  HomePage 98 - origin successfully selected
2020-07-27 21:55:35 INFO  HomePage 102 - Destination successfully clicked
2020-07-27 21:55:35 INFO  HomePage 106 - Destination successfully Entered
2020-07-27 21:55:36 INFO  HomePage 110 - Destination successfully selected
2020-07-27 21:55:36 INFO  HomePage 118 - departure date clicked
2020-07-27 21:55:37 INFO  HomePage 122 - departure date selected
2020-07-27 21:55:37 INFO  HomePage 126 - departure date selected
2020-07-27 21:55:38 INFO  HomePage 134 - search button clicked
2020-07-27 21:55:41 INFO  HomePage 149 - flight selected
2020-07-27 21:57:33 INFO  HomePage 89 - origin successfully clicked
2020-07-27 21:57:33 INFO  HomePage 93 - origin successfully entered
2020-07-27 21:57:34 INFO  HomePage 98 - origin successfully selected
2020-07-27 21:57:35 INFO  HomePage 102 - Destination successfully clicked
2020-07-27 21:57:35 INFO  HomePage 106 - Destination successfully Entered
2020-07-27 21:57:36 INFO  HomePage 110 - Destination successfully selected
2020-07-27 21:57:37 INFO  HomePage 118 - departure date clicked
2020-07-27 21:57:38 INFO  HomePage 122 - departure date selected
2020-07-27 21:57:38 INFO  HomePage 126 - departure date selected
2020-07-27 21:57:38 INFO  HomePage 134 - search button clicked
2020-07-27 21:57:41 INFO  HomePage 149 - flight selected
2020-07-27 22:31:24 INFO  HomePage 91 - origin successfully clicked
2020-07-27 22:31:24 INFO  HomePage 95 - origin successfully entered
2020-07-27 22:31:25 INFO  HomePage 100 - origin successfully selected
2020-07-27 22:31:25 INFO  HomePage 104 - Destination successfully clicked
2020-07-27 22:31:26 INFO  HomePage 108 - Destination successfully Entered
2020-07-27 22:31:27 INFO  HomePage 112 - Destination successfully selected
2020-07-27 22:31:27 INFO  HomePage 120 - departure date clicked
2020-07-27 22:31:28 INFO  HomePage 124 - departure date selected
2020-07-27 22:31:28 INFO  HomePage 128 - departure date selected
2020-07-27 22:31:29 INFO  HomePage 136 - search button clicked
2020-07-27 22:31:32 INFO  HomePage 151 - flight selected
2020-07-27 22:33:49 INFO  HomePage 91 - origin successfully clicked
2020-07-27 22:33:49 INFO  HomePage 95 - origin successfully entered
2020-07-27 22:33:50 INFO  HomePage 100 - origin successfully selected
2020-07-27 22:33:50 INFO  HomePage 104 - Destination successfully clicked
2020-07-27 22:33:51 INFO  HomePage 108 - Destination successfully Entered
2020-07-27 22:33:51 INFO  HomePage 112 - Destination successfully selected
2020-07-27 22:33:51 INFO  HomePage 120 - departure date clicked
2020-07-27 22:33:52 INFO  HomePage 124 - departure date selected
2020-07-27 22:33:52 INFO  HomePage 128 - departure date selected
2020-07-27 22:33:53 INFO  HomePage 136 - search button clicked
2020-07-27 22:33:55 INFO  HomePage 151 - flight selected
2020-07-27 22:39:19 INFO  HomePage 91 - origin successfully clicked
2020-07-27 22:39:19 INFO  HomePage 95 - origin successfully entered
2020-07-27 22:39:20 INFO  HomePage 100 - origin successfully selected
2020-07-27 22:39:20 INFO  HomePage 104 - Destination successfully clicked
2020-07-27 22:39:21 INFO  HomePage 108 - Destination successfully Entered
2020-07-27 22:39:22 INFO  HomePage 112 - Destination successfully selected
2020-07-27 22:39:22 INFO  HomePage 120 - departure date clicked
2020-07-27 22:39:23 INFO  HomePage 124 - departure date selected
2020-07-27 22:39:23 INFO  HomePage 128 - departure date selected
2020-07-27 22:39:24 INFO  HomePage 136 - search button clicked
2020-07-27 22:43:52 INFO  HomePage 90 - origin successfully clicked
2020-07-27 22:43:52 INFO  HomePage 94 - origin successfully entered
2020-07-27 22:43:53 INFO  HomePage 99 - origin successfully selected
2020-07-27 22:43:53 INFO  HomePage 103 - Destination successfully clicked
2020-07-27 22:43:53 INFO  HomePage 107 - Destination successfully Entered
2020-07-27 22:43:54 INFO  HomePage 111 - Destination successfully selected
2020-07-27 22:43:54 INFO  HomePage 119 - departure date clicked
2020-07-27 22:43:55 INFO  HomePage 123 - departure date selected
2020-07-27 22:43:55 INFO  HomePage 127 - departure date selected
2020-07-27 22:43:56 INFO  HomePage 135 - search button clicked
2020-07-27 22:45:25 INFO  HomePage 90 - origin successfully clicked
2020-07-27 22:45:25 INFO  HomePage 94 - origin successfully entered
2020-07-27 22:45:26 INFO  HomePage 99 - origin successfully selected
2020-07-27 22:45:26 INFO  HomePage 103 - Destination successfully clicked
2020-07-27 22:45:26 INFO  HomePage 107 - Destination successfully Entered
2020-07-27 22:45:27 INFO  HomePage 111 - Destination successfully selected
2020-07-27 22:45:27 INFO  HomePage 119 - departure date clicked
2020-07-27 22:45:28 INFO  HomePage 123 - departure date selected
2020-07-27 22:45:28 INFO  HomePage 127 - departure date selected
2020-07-27 22:45:28 INFO  HomePage 135 - search button clicked
2020-07-27 22:46:39 INFO  HomePage 90 - origin successfully clicked
2020-07-27 22:46:40 INFO  HomePage 94 - origin successfully entered
2020-07-27 22:46:40 INFO  HomePage 99 - origin successfully selected
2020-07-27 22:46:41 INFO  HomePage 103 - Destination successfully clicked
2020-07-27 22:46:41 INFO  HomePage 107 - Destination successfully Entered
2020-07-27 22:46:42 INFO  HomePage 111 - Destination successfully selected
2020-07-27 22:46:42 INFO  HomePage 119 - departure date clicked
2020-07-27 22:46:43 INFO  HomePage 123 - departure date selected
2020-07-27 22:46:43 INFO  HomePage 127 - departure date selected
2020-07-27 22:46:43 INFO  HomePage 135 - search button clicked
2020-07-27 22:49:52 INFO  HomePage 90 - origin successfully clicked
2020-07-27 22:49:52 INFO  HomePage 94 - origin successfully entered
2020-07-27 22:49:53 INFO  HomePage 99 - origin successfully selected
2020-07-27 22:49:53 INFO  HomePage 103 - Destination successfully clicked
2020-07-27 22:49:54 INFO  HomePage 107 - Destination successfully Entered
2020-07-27 22:49:54 INFO  HomePage 111 - Destination successfully selected
2020-07-27 22:49:54 INFO  HomePage 119 - departure date clicked
2020-07-27 22:49:55 INFO  HomePage 123 - departure date selected
2020-07-27 22:49:55 INFO  HomePage 127 - departure date selected
2020-07-27 22:49:55 INFO  HomePage 135 - search button clicked
2020-07-27 22:49:58 INFO  HomePage 145 - flight selected
2020-07-27 23:01:46 INFO  HomePage 90 - origin successfully clicked
2020-07-27 23:01:46 INFO  HomePage 94 - origin successfully entered
2020-07-27 23:01:47 INFO  HomePage 99 - origin successfully selected
2020-07-27 23:01:48 INFO  HomePage 103 - Destination successfully clicked
2020-07-27 23:01:48 INFO  HomePage 107 - Destination successfully Entered
2020-07-27 23:01:48 INFO  HomePage 111 - Destination successfully selected
2020-07-27 23:01:49 INFO  HomePage 119 - departure date clicked
2020-07-27 23:01:49 INFO  HomePage 123 - departure date selected
2020-07-27 23:01:50 INFO  HomePage 127 - departure date selected
2020-07-27 23:01:50 INFO  HomePage 135 - search button clicked
2020-07-27 23:01:53 INFO  HomePage 145 - flight selected
2020-07-27 23:02:55 INFO  HomePage 90 - origin successfully clicked
2020-07-27 23:02:55 INFO  HomePage 94 - origin successfully entered
2020-07-27 23:02:55 INFO  HomePage 99 - origin successfully selected
2020-07-27 23:02:56 INFO  HomePage 103 - Destination successfully clicked
2020-07-27 23:02:56 INFO  HomePage 107 - Destination successfully Entered
2020-07-27 23:02:57 INFO  HomePage 111 - Destination successfully selected
2020-07-27 23:02:58 INFO  HomePage 119 - departure date clicked
2020-07-27 23:02:58 INFO  HomePage 123 - departure date selected
2020-07-27 23:02:58 INFO  HomePage 127 - departure date selected
2020-07-27 23:02:59 INFO  HomePage 135 - search button clicked
2020-07-27 23:03:01 INFO  HomePage 145 - flight selected
2020-07-27 23:05:04 INFO  HomePage 90 - origin successfully clicked
2020-07-27 23:05:05 INFO  HomePage 94 - origin successfully entered
2020-07-27 23:05:05 INFO  HomePage 99 - origin successfully selected
2020-07-27 23:05:06 INFO  HomePage 103 - Destination successfully clicked
2020-07-27 23:05:06 INFO  HomePage 107 - Destination successfully Entered
2020-07-27 23:05:07 INFO  HomePage 111 - Destination successfully selected
2020-07-27 23:05:07 INFO  HomePage 119 - departure date clicked
2020-07-27 23:05:08 INFO  HomePage 123 - departure date selected
2020-07-27 23:05:08 INFO  HomePage 127 - departure date selected
2020-07-27 23:05:09 INFO  HomePage 135 - search button clicked
2020-07-27 23:05:12 INFO  HomePage 145 - flight selected
2020-07-27 23:05:39 INFO  HomePage 90 - origin successfully clicked
2020-07-27 23:05:39 INFO  HomePage 94 - origin successfully entered
2020-07-27 23:05:39 INFO  HomePage 99 - origin successfully selected
2020-07-27 23:05:39 INFO  HomePage 103 - Destination successfully clicked
2020-07-27 23:05:40 INFO  HomePage 107 - Destination successfully Entered
2020-07-27 23:05:40 INFO  HomePage 111 - Destination successfully selected
2020-07-27 23:05:40 INFO  HomePage 119 - departure date clicked
2020-07-27 23:05:41 INFO  HomePage 123 - departure date selected
2020-07-27 23:05:41 INFO  HomePage 127 - departure date selected
2020-07-27 23:05:41 INFO  HomePage 135 - search button clicked
2020-07-27 23:05:44 INFO  HomePage 145 - flight selected
2020-07-27 23:06:27 INFO  HomePage 90 - origin successfully clicked
2020-07-27 23:06:27 INFO  HomePage 94 - origin successfully entered
2020-07-27 23:06:28 INFO  HomePage 99 - origin successfully selected
2020-07-27 23:06:28 INFO  HomePage 103 - Destination successfully clicked
2020-07-27 23:06:28 INFO  HomePage 107 - Destination successfully Entered
2020-07-27 23:06:29 INFO  HomePage 111 - Destination successfully selected
2020-07-27 23:06:29 INFO  HomePage 119 - departure date clicked
2020-07-27 23:06:30 INFO  HomePage 123 - departure date selected
2020-07-27 23:06:30 INFO  HomePage 127 - departure date selected
2020-07-27 23:06:31 INFO  HomePage 135 - search button clicked
2020-07-27 23:06:34 INFO  HomePage 145 - flight selected
